<?xml version="1.0" encoding="UTF-8"?>
<testsuite xmlns:xsi="http://www.w3.org/2001/XMLSchema-instance" xsi:noNamespaceSchemaLocation="https://maven.apache.org/surefire/maven-surefire-plugin/xsd/surefire-test-report-3.0.xsd" version="3.0" name="TestSuite" time="2.451" tests="10" errors="0" skipped="0" failures="0">
  <properties>
    <property name="java.specification.version" value="15"/>
    <property name="sun.cpu.isalist" value="amd64"/>
    <property name="sun.jnu.encoding" value="Cp1252"/>
    <property name="java.class.path" value="D:\IdeaProjects\SwaggerPetstore\target\test-classes;D:\IdeaProjects\SwaggerPetstore\target\classes;C:\Users\anoop\.m2\repository\io\cucumber\cucumber-java\7.11.0\cucumber-java-7.11.0.jar;C:\Users\anoop\.m2\repository\io\cucumber\cucumber-core\7.11.0\cucumber-core-7.11.0.jar;C:\Users\anoop\.m2\repository\io\cucumber\cucumber-gherkin\7.11.0\cucumber-gherkin-7.11.0.jar;C:\Users\anoop\.m2\repository\io\cucumber\cucumber-gherkin-messages\7.11.0\cucumber-gherkin-messages-7.11.0.jar;C:\Users\anoop\.m2\repository\io\cucumber\gherkin\26.0.3\gherkin-26.0.3.jar;C:\Users\anoop\.m2\repository\io\cucumber\messages\21.0.1\messages-21.0.1.jar;C:\Users\anoop\.m2\repository\io\cucumber\tag-expressions\5.0.1\tag-expressions-5.0.1.jar;C:\Users\anoop\.m2\repository\io\cucumber\cucumber-expressions\16.1.1\cucumber-expressions-16.1.1.jar;C:\Users\anoop\.m2\repository\io\cucumber\datatable\7.11.0\datatable-7.11.0.jar;C:\Users\anoop\.m2\repository\io\cucumber\cucumber-plugin\7.11.0\cucumber-plugin-7.11.0.jar;C:\Users\anoop\.m2\repository\io\cucumber\docstring\7.11.0\docstring-7.11.0.jar;C:\Users\anoop\.m2\repository\io\cucumber\html-formatter\20.2.1\html-formatter-20.2.1.jar;C:\Users\anoop\.m2\repository\io\cucumber\junit-xml-formatter\0.1.0\junit-xml-formatter-0.1.0.jar;C:\Users\anoop\.m2\repository\io\cucumber\ci-environment\9.1.0\ci-environment-9.1.0.jar;C:\Users\anoop\.m2\repository\org\apiguardian\apiguardian-api\1.1.2\apiguardian-api-1.1.2.jar;C:\Users\anoop\.m2\repository\io\cucumber\cucumber-testng\7.11.0\cucumber-testng-7.11.0.jar;C:\Users\anoop\.m2\repository\org\seleniumhq\selenium\selenium-java\4.7.2\selenium-java-4.7.2.jar;C:\Users\anoop\.m2\repository\org\seleniumhq\selenium\selenium-api\4.7.2\selenium-api-4.7.2.jar;C:\Users\anoop\.m2\repository\org\seleniumhq\selenium\selenium-chrome-driver\4.7.2\selenium-chrome-driver-4.7.2.jar;C:\Users\anoop\.m2\repository\com\google\auto\service\auto-service-annotations\1.0.1\auto-service-annotations-1.0.1.jar;C:\Users\anoop\.m2\repository\com\google\auto\service\auto-service\1.0.1\auto-service-1.0.1.jar;C:\Users\anoop\.m2\repository\com\google\auto\auto-common\1.2\auto-common-1.2.jar;C:\Users\anoop\.m2\repository\org\seleniumhq\selenium\selenium-chromium-driver\4.7.2\selenium-chromium-driver-4.7.2.jar;C:\Users\anoop\.m2\repository\org\seleniumhq\selenium\selenium-json\4.7.2\selenium-json-4.7.2.jar;C:\Users\anoop\.m2\repository\org\seleniumhq\selenium\selenium-devtools-v106\4.7.2\selenium-devtools-v106-4.7.2.jar;C:\Users\anoop\.m2\repository\org\seleniumhq\selenium\selenium-devtools-v107\4.7.2\selenium-devtools-v107-4.7.2.jar;C:\Users\anoop\.m2\repository\org\seleniumhq\selenium\selenium-devtools-v108\4.7.2\selenium-devtools-v108-4.7.2.jar;C:\Users\anoop\.m2\repository\org\seleniumhq\selenium\selenium-devtools-v85\4.7.2\selenium-devtools-v85-4.7.2.jar;C:\Users\anoop\.m2\repository\org\seleniumhq\selenium\selenium-edge-driver\4.7.2\selenium-edge-driver-4.7.2.jar;C:\Users\anoop\.m2\repository\org\seleniumhq\selenium\selenium-firefox-driver\4.7.2\selenium-firefox-driver-4.7.2.jar;C:\Users\anoop\.m2\repository\org\seleniumhq\selenium\selenium-http\4.7.2\selenium-http-4.7.2.jar;C:\Users\anoop\.m2\repository\dev\failsafe\failsafe\3.3.0\failsafe-3.3.0.jar;C:\Users\anoop\.m2\repository\org\seleniumhq\selenium\selenium-ie-driver\4.7.2\selenium-ie-driver-4.7.2.jar;C:\Users\anoop\.m2\repository\org\seleniumhq\selenium\selenium-remote-driver\4.7.2\selenium-remote-driver-4.7.2.jar;C:\Users\anoop\.m2\repository\io\netty\netty-buffer\4.1.84.Final\netty-buffer-4.1.84.Final.jar;C:\Users\anoop\.m2\repository\io\netty\netty-codec-http\4.1.84.Final\netty-codec-http-4.1.84.Final.jar;C:\Users\anoop\.m2\repository\io\netty\netty-codec\4.1.84.Final\netty-codec-4.1.84.Final.jar;C:\Users\anoop\.m2\repository\io\netty\netty-handler\4.1.84.Final\netty-handler-4.1.84.Final.jar;C:\Users\anoop\.m2\repository\io\netty\netty-common\4.1.84.Final\netty-common-4.1.84.Final.jar;C:\Users\anoop\.m2\repository\io\netty\netty-transport-classes-epoll\4.1.84.Final\netty-transport-classes-epoll-4.1.84.Final.jar;C:\Users\anoop\.m2\repository\io\netty\netty-transport-classes-kqueue\4.1.84.Final\netty-transport-classes-kqueue-4.1.84.Final.jar;C:\Users\anoop\.m2\repository\io\netty\netty-transport-native-epoll\4.1.84.Final\netty-transport-native-epoll-4.1.84.Final.jar;C:\Users\anoop\.m2\repository\io\netty\netty-transport-native-kqueue\4.1.84.Final\netty-transport-native-kqueue-4.1.84.Final.jar;C:\Users\anoop\.m2\repository\io\netty\netty-transport-native-unix-common\4.1.84.Final\netty-transport-native-unix-common-4.1.84.Final.jar;C:\Users\anoop\.m2\repository\io\netty\netty-transport\4.1.84.Final\netty-transport-4.1.84.Final.jar;C:\Users\anoop\.m2\repository\io\netty\netty-resolver\4.1.84.Final\netty-resolver-4.1.84.Final.jar;C:\Users\anoop\.m2\repository\io\opentelemetry\opentelemetry-api\1.19.0\opentelemetry-api-1.19.0.jar;C:\Users\anoop\.m2\repository\io\opentelemetry\opentelemetry-context\1.19.0\opentelemetry-context-1.19.0.jar;C:\Users\anoop\.m2\repository\io\opentelemetry\opentelemetry-exporter-logging\1.19.0\opentelemetry-exporter-logging-1.19.0.jar;C:\Users\anoop\.m2\repository\io\opentelemetry\opentelemetry-sdk-metrics\1.19.0\opentelemetry-sdk-metrics-1.19.0.jar;C:\Users\anoop\.m2\repository\io\opentelemetry\opentelemetry-sdk-logs\1.19.0-alpha\opentelemetry-sdk-logs-1.19.0-alpha.jar;C:\Users\anoop\.m2\repository\io\opentelemetry\opentelemetry-api-logs\1.19.0-alpha\opentelemetry-api-logs-1.19.0-alpha.jar;C:\Users\anoop\.m2\repository\io\opentelemetry\opentelemetry-sdk-common\1.19.0\opentelemetry-sdk-common-1.19.0.jar;C:\Users\anoop\.m2\repository\io\opentelemetry\opentelemetry-sdk-extension-autoconfigure-spi\1.19.0\opentelemetry-sdk-extension-autoconfigure-spi-1.19.0.jar;C:\Users\anoop\.m2\repository\io\opentelemetry\opentelemetry-sdk-extension-autoconfigure\1.19.0-alpha\opentelemetry-sdk-extension-autoconfigure-1.19.0-alpha.jar;C:\Users\anoop\.m2\repository\io\opentelemetry\opentelemetry-exporter-common\1.19.0\opentelemetry-exporter-common-1.19.0.jar;C:\Users\anoop\.m2\repository\io\opentelemetry\opentelemetry-sdk-trace\1.19.0\opentelemetry-sdk-trace-1.19.0.jar;C:\Users\anoop\.m2\repository\io\opentelemetry\opentelemetry-sdk\1.19.0\opentelemetry-sdk-1.19.0.jar;C:\Users\anoop\.m2\repository\io\opentelemetry\opentelemetry-semconv\1.19.0-alpha\opentelemetry-semconv-1.19.0-alpha.jar;C:\Users\anoop\.m2\repository\io\ous\jtoml\2.0.0\jtoml-2.0.0.jar;C:\Users\anoop\.m2\repository\net\bytebuddy\byte-buddy\1.12.18\byte-buddy-1.12.18.jar;C:\Users\anoop\.m2\repository\org\apache\commons\commons-exec\1.3\commons-exec-1.3.jar;C:\Users\anoop\.m2\repository\org\asynchttpclient\async-http-client\2.12.3\async-http-client-2.12.3.jar;C:\Users\anoop\.m2\repository\org\asynchttpclient\async-http-client-netty-utils\2.12.3\async-http-client-netty-utils-2.12.3.jar;C:\Users\anoop\.m2\repository\io\netty\netty-codec-socks\4.1.60.Final\netty-codec-socks-4.1.60.Final.jar;C:\Users\anoop\.m2\repository\io\netty\netty-handler-proxy\4.1.60.Final\netty-handler-proxy-4.1.60.Final.jar;C:\Users\anoop\.m2\repository\io\netty\netty-transport-native-epoll\4.1.60.Final\netty-transport-native-epoll-4.1.60.Final-linux-x86_64.jar;C:\Users\anoop\.m2\repository\io\netty\netty-transport-native-kqueue\4.1.60.Final\netty-transport-native-kqueue-4.1.60.Final-osx-x86_64.jar;C:\Users\anoop\.m2\repository\org\reactivestreams\reactive-streams\1.0.3\reactive-streams-1.0.3.jar;C:\Users\anoop\.m2\repository\com\typesafe\netty\netty-reactive-streams\2.0.4\netty-reactive-streams-2.0.4.jar;C:\Users\anoop\.m2\repository\com\sun\activation\jakarta.activation\1.2.2\jakarta.activation-1.2.2.jar;C:\Users\anoop\.m2\repository\org\seleniumhq\selenium\selenium-manager\4.7.2\selenium-manager-4.7.2.jar;C:\Users\anoop\.m2\repository\org\seleniumhq\selenium\selenium-safari-driver\4.7.2\selenium-safari-driver-4.7.2.jar;C:\Users\anoop\.m2\repository\org\seleniumhq\selenium\selenium-support\4.7.2\selenium-support-4.7.2.jar;C:\Users\anoop\.m2\repository\org\testng\testng\7.7.1\testng-7.7.1.jar;C:\Users\anoop\.m2\repository\org\slf4j\slf4j-api\1.7.36\slf4j-api-1.7.36.jar;C:\Users\anoop\.m2\repository\com\beust\jcommander\1.82\jcommander-1.82.jar;C:\Users\anoop\.m2\repository\org\webjars\jquery\3.6.1\jquery-3.6.1.jar;C:\Users\anoop\.m2\repository\net\masterthought\cucumber-reporting\5.7.4\cucumber-reporting-5.7.4.jar;C:\Users\anoop\.m2\repository\com\fasterxml\jackson\datatype\jackson-datatype-jsr310\2.13.2\jackson-datatype-jsr310-2.13.2.jar;C:\Users\anoop\.m2\repository\org\apache\velocity\velocity-engine-core\2.3\velocity-engine-core-2.3.jar;C:\Users\anoop\.m2\repository\org\apache\commons\commons-collections4\4.4\commons-collections4-4.4.jar;C:\Users\anoop\.m2\repository\joda-time\joda-time\2.10.14\joda-time-2.10.14.jar;C:\Users\anoop\.m2\repository\org\apache\commons\commons-lang3\3.12.0\commons-lang3-3.12.0.jar;C:\Users\anoop\.m2\repository\commons-io\commons-io\2.7\commons-io-2.7.jar;C:\Users\anoop\.m2\repository\org\codehaus\plexus\plexus-utils\3.4.2\plexus-utils-3.4.2.jar;C:\Users\anoop\.m2\repository\org\jsoup\jsoup\1.15.3\jsoup-1.15.3.jar;C:\Users\anoop\.m2\repository\com\google\guava\guava\31.1-jre\guava-31.1-jre.jar;C:\Users\anoop\.m2\repository\com\google\guava\failureaccess\1.0.1\failureaccess-1.0.1.jar;C:\Users\anoop\.m2\repository\com\google\guava\listenablefuture\9999.0-empty-to-avoid-conflict-with-guava\listenablefuture-9999.0-empty-to-avoid-conflict-with-guava.jar;C:\Users\anoop\.m2\repository\com\google\code\findbugs\jsr305\3.0.2\jsr305-3.0.2.jar;C:\Users\anoop\.m2\repository\org\checkerframework\checker-qual\3.12.0\checker-qual-3.12.0.jar;C:\Users\anoop\.m2\repository\com\google\errorprone\error_prone_annotations\2.11.0\error_prone_annotations-2.11.0.jar;C:\Users\anoop\.m2\repository\com\google\j2objc\j2objc-annotations\1.3\j2objc-annotations-1.3.jar;C:\Users\anoop\.m2\repository\com\googlecode\owasp-java-html-sanitizer\owasp-java-html-sanitizer\20211018.2\owasp-java-html-sanitizer-20211018.2.jar;C:\Users\anoop\.m2\repository\commons-configuration\commons-configuration\1.10\commons-configuration-1.10.jar;C:\Users\anoop\.m2\repository\commons-lang\commons-lang\2.6\commons-lang-2.6.jar;C:\Users\anoop\.m2\repository\commons-logging\commons-logging\1.1.1\commons-logging-1.1.1.jar;C:\Users\anoop\.m2\repository\io\github\bonigarcia\webdrivermanager\5.3.1\webdrivermanager-5.3.1.jar;C:\Users\anoop\.m2\repository\com\google\code\gson\gson\2.10\gson-2.10.jar;C:\Users\anoop\.m2\repository\com\github\docker-java\docker-java\3.2.13\docker-java-3.2.13.jar;C:\Users\anoop\.m2\repository\com\github\docker-java\docker-java-core\3.2.13\docker-java-core-3.2.13.jar;C:\Users\anoop\.m2\repository\com\github\docker-java\docker-java-api\3.2.13\docker-java-api-3.2.13.jar;C:\Users\anoop\.m2\repository\org\apache\commons\commons-compress\1.21\commons-compress-1.21.jar;C:\Users\anoop\.m2\repository\org\bouncycastle\bcpkix-jdk15on\1.64\bcpkix-jdk15on-1.64.jar;C:\Users\anoop\.m2\repository\org\bouncycastle\bcprov-jdk15on\1.64\bcprov-jdk15on-1.64.jar;C:\Users\anoop\.m2\repository\org\slf4j\jcl-over-slf4j\1.7.30\jcl-over-slf4j-1.7.30.jar;C:\Users\anoop\.m2\repository\com\github\docker-java\docker-java-transport-httpclient5\3.2.13\docker-java-transport-httpclient5-3.2.13.jar;C:\Users\anoop\.m2\repository\com\github\docker-java\docker-java-transport\3.2.13\docker-java-transport-3.2.13.jar;C:\Users\anoop\.m2\repository\net\java\dev\jna\jna\5.8.0\jna-5.8.0.jar;C:\Users\anoop\.m2\repository\org\brotli\dec\0.1.2\dec-0.1.2.jar;C:\Users\anoop\.m2\repository\org\apache\httpcomponents\client5\httpclient5\5.1.3\httpclient5-5.1.3.jar;C:\Users\anoop\.m2\repository\org\apache\httpcomponents\core5\httpcore5\5.1.3\httpcore5-5.1.3.jar;C:\Users\anoop\.m2\repository\org\apache\httpcomponents\core5\httpcore5-h2\5.1.3\httpcore5-h2-5.1.3.jar;C:\Users\anoop\.m2\repository\commons-codec\commons-codec\1.15\commons-codec-1.15.jar;C:\Users\anoop\.m2\repository\io\rest-assured\rest-assured\5.3.0\rest-assured-5.3.0.jar;C:\Users\anoop\.m2\repository\org\apache\groovy\groovy\4.0.6\groovy-4.0.6.jar;C:\Users\anoop\.m2\repository\org\apache\groovy\groovy-xml\4.0.6\groovy-xml-4.0.6.jar;C:\Users\anoop\.m2\repository\org\apache\httpcomponents\httpclient\4.5.13\httpclient-4.5.13.jar;C:\Users\anoop\.m2\repository\org\apache\httpcomponents\httpcore\4.4.13\httpcore-4.4.13.jar;C:\Users\anoop\.m2\repository\org\apache\httpcomponents\httpmime\4.5.13\httpmime-4.5.13.jar;C:\Users\anoop\.m2\repository\org\hamcrest\hamcrest\2.1\hamcrest-2.1.jar;C:\Users\anoop\.m2\repository\org\ccil\cowan\tagsoup\tagsoup\1.2.1\tagsoup-1.2.1.jar;C:\Users\anoop\.m2\repository\io\rest-assured\json-path\5.3.0\json-path-5.3.0.jar;C:\Users\anoop\.m2\repository\org\apache\groovy\groovy-json\4.0.6\groovy-json-4.0.6.jar;C:\Users\anoop\.m2\repository\io\rest-assured\rest-assured-common\5.3.0\rest-assured-common-5.3.0.jar;C:\Users\anoop\.m2\repository\io\rest-assured\xml-path\5.3.0\xml-path-5.3.0.jar;C:\Users\anoop\.m2\repository\com\fasterxml\jackson\core\jackson-databind\2.14.1\jackson-databind-2.14.1.jar;C:\Users\anoop\.m2\repository\com\fasterxml\jackson\core\jackson-annotations\2.14.1\jackson-annotations-2.14.1.jar;C:\Users\anoop\.m2\repository\com\fasterxml\jackson\core\jackson-core\2.14.1\jackson-core-2.14.1.jar;"/>
    <property name="java.vm.vendor" value="Oracle Corporation"/>
    <property name="sun.arch.data.model" value="64"/>
    <property name="user.variant" value=""/>
    <property name="java.vendor.url" value="https://java.oracle.com/"/>
    <property name="user.timezone" value="Asia/Calcutta"/>
    <property name="os.name" value="Windows 10"/>
    <property name="java.vm.specification.version" value="15"/>
    <property name="sun.java.launcher" value="SUN_STANDARD"/>
    <property name="user.country" value="IN"/>
    <property name="sun.boot.library.path" value="C:\Program Files\Java\jdk-15.0.1\bin"/>
    <property name="sun.java.command" value="C:\Users\anoop\AppData\Local\Temp\surefire11225386542665218956\surefirebooter-20230128100749758_3.jar C:\Users\anoop\AppData\Local\Temp\surefire11225386542665218956 2023-01-28T10-07-49_501-jvmRun1 surefire-20230128100749758_1tmp surefire_0-20230128100749758_2tmp"/>
    <property name="jdk.debug" value="release"/>
    <property name="surefire.test.class.path" value="D:\IdeaProjects\SwaggerPetstore\target\test-classes;D:\IdeaProjects\SwaggerPetstore\target\classes;C:\Users\anoop\.m2\repository\io\cucumber\cucumber-java\7.11.0\cucumber-java-7.11.0.jar;C:\Users\anoop\.m2\repository\io\cucumber\cucumber-core\7.11.0\cucumber-core-7.11.0.jar;C:\Users\anoop\.m2\repository\io\cucumber\cucumber-gherkin\7.11.0\cucumber-gherkin-7.11.0.jar;C:\Users\anoop\.m2\repository\io\cucumber\cucumber-gherkin-messages\7.11.0\cucumber-gherkin-messages-7.11.0.jar;C:\Users\anoop\.m2\repository\io\cucumber\gherkin\26.0.3\gherkin-26.0.3.jar;C:\Users\anoop\.m2\repository\io\cucumber\messages\21.0.1\messages-21.0.1.jar;C:\Users\anoop\.m2\repository\io\cucumber\tag-expressions\5.0.1\tag-expressions-5.0.1.jar;C:\Users\anoop\.m2\repository\io\cucumber\cucumber-expressions\16.1.1\cucumber-expressions-16.1.1.jar;C:\Users\anoop\.m2\repository\io\cucumber\datatable\7.11.0\datatable-7.11.0.jar;C:\Users\anoop\.m2\repository\io\cucumber\cucumber-plugin\7.11.0\cucumber-plugin-7.11.0.jar;C:\Users\anoop\.m2\repository\io\cucumber\docstring\7.11.0\docstring-7.11.0.jar;C:\Users\anoop\.m2\repository\io\cucumber\html-formatter\20.2.1\html-formatter-20.2.1.jar;C:\Users\anoop\.m2\repository\io\cucumber\junit-xml-formatter\0.1.0\junit-xml-formatter-0.1.0.jar;C:\Users\anoop\.m2\repository\io\cucumber\ci-environment\9.1.0\ci-environment-9.1.0.jar;C:\Users\anoop\.m2\repository\org\apiguardian\apiguardian-api\1.1.2\apiguardian-api-1.1.2.jar;C:\Users\anoop\.m2\repository\io\cucumber\cucumber-testng\7.11.0\cucumber-testng-7.11.0.jar;C:\Users\anoop\.m2\repository\org\seleniumhq\selenium\selenium-java\4.7.2\selenium-java-4.7.2.jar;C:\Users\anoop\.m2\repository\org\seleniumhq\selenium\selenium-api\4.7.2\selenium-api-4.7.2.jar;C:\Users\anoop\.m2\repository\org\seleniumhq\selenium\selenium-chrome-driver\4.7.2\selenium-chrome-driver-4.7.2.jar;C:\Users\anoop\.m2\repository\com\google\auto\service\auto-service-annotations\1.0.1\auto-service-annotations-1.0.1.jar;C:\Users\anoop\.m2\repository\com\google\auto\service\auto-service\1.0.1\auto-service-1.0.1.jar;C:\Users\anoop\.m2\repository\com\google\auto\auto-common\1.2\auto-common-1.2.jar;C:\Users\anoop\.m2\repository\org\seleniumhq\selenium\selenium-chromium-driver\4.7.2\selenium-chromium-driver-4.7.2.jar;C:\Users\anoop\.m2\repository\org\seleniumhq\selenium\selenium-json\4.7.2\selenium-json-4.7.2.jar;C:\Users\anoop\.m2\repository\org\seleniumhq\selenium\selenium-devtools-v106\4.7.2\selenium-devtools-v106-4.7.2.jar;C:\Users\anoop\.m2\repository\org\seleniumhq\selenium\selenium-devtools-v107\4.7.2\selenium-devtools-v107-4.7.2.jar;C:\Users\anoop\.m2\repository\org\seleniumhq\selenium\selenium-devtools-v108\4.7.2\selenium-devtools-v108-4.7.2.jar;C:\Users\anoop\.m2\repository\org\seleniumhq\selenium\selenium-devtools-v85\4.7.2\selenium-devtools-v85-4.7.2.jar;C:\Users\anoop\.m2\repository\org\seleniumhq\selenium\selenium-edge-driver\4.7.2\selenium-edge-driver-4.7.2.jar;C:\Users\anoop\.m2\repository\org\seleniumhq\selenium\selenium-firefox-driver\4.7.2\selenium-firefox-driver-4.7.2.jar;C:\Users\anoop\.m2\repository\org\seleniumhq\selenium\selenium-http\4.7.2\selenium-http-4.7.2.jar;C:\Users\anoop\.m2\repository\dev\failsafe\failsafe\3.3.0\failsafe-3.3.0.jar;C:\Users\anoop\.m2\repository\org\seleniumhq\selenium\selenium-ie-driver\4.7.2\selenium-ie-driver-4.7.2.jar;C:\Users\anoop\.m2\repository\org\seleniumhq\selenium\selenium-remote-driver\4.7.2\selenium-remote-driver-4.7.2.jar;C:\Users\anoop\.m2\repository\io\netty\netty-buffer\4.1.84.Final\netty-buffer-4.1.84.Final.jar;C:\Users\anoop\.m2\repository\io\netty\netty-codec-http\4.1.84.Final\netty-codec-http-4.1.84.Final.jar;C:\Users\anoop\.m2\repository\io\netty\netty-codec\4.1.84.Final\netty-codec-4.1.84.Final.jar;C:\Users\anoop\.m2\repository\io\netty\netty-handler\4.1.84.Final\netty-handler-4.1.84.Final.jar;C:\Users\anoop\.m2\repository\io\netty\netty-common\4.1.84.Final\netty-common-4.1.84.Final.jar;C:\Users\anoop\.m2\repository\io\netty\netty-transport-classes-epoll\4.1.84.Final\netty-transport-classes-epoll-4.1.84.Final.jar;C:\Users\anoop\.m2\repository\io\netty\netty-transport-classes-kqueue\4.1.84.Final\netty-transport-classes-kqueue-4.1.84.Final.jar;C:\Users\anoop\.m2\repository\io\netty\netty-transport-native-epoll\4.1.84.Final\netty-transport-native-epoll-4.1.84.Final.jar;C:\Users\anoop\.m2\repository\io\netty\netty-transport-native-kqueue\4.1.84.Final\netty-transport-native-kqueue-4.1.84.Final.jar;C:\Users\anoop\.m2\repository\io\netty\netty-transport-native-unix-common\4.1.84.Final\netty-transport-native-unix-common-4.1.84.Final.jar;C:\Users\anoop\.m2\repository\io\netty\netty-transport\4.1.84.Final\netty-transport-4.1.84.Final.jar;C:\Users\anoop\.m2\repository\io\netty\netty-resolver\4.1.84.Final\netty-resolver-4.1.84.Final.jar;C:\Users\anoop\.m2\repository\io\opentelemetry\opentelemetry-api\1.19.0\opentelemetry-api-1.19.0.jar;C:\Users\anoop\.m2\repository\io\opentelemetry\opentelemetry-context\1.19.0\opentelemetry-context-1.19.0.jar;C:\Users\anoop\.m2\repository\io\opentelemetry\opentelemetry-exporter-logging\1.19.0\opentelemetry-exporter-logging-1.19.0.jar;C:\Users\anoop\.m2\repository\io\opentelemetry\opentelemetry-sdk-metrics\1.19.0\opentelemetry-sdk-metrics-1.19.0.jar;C:\Users\anoop\.m2\repository\io\opentelemetry\opentelemetry-sdk-logs\1.19.0-alpha\opentelemetry-sdk-logs-1.19.0-alpha.jar;C:\Users\anoop\.m2\repository\io\opentelemetry\opentelemetry-api-logs\1.19.0-alpha\opentelemetry-api-logs-1.19.0-alpha.jar;C:\Users\anoop\.m2\repository\io\opentelemetry\opentelemetry-sdk-common\1.19.0\opentelemetry-sdk-common-1.19.0.jar;C:\Users\anoop\.m2\repository\io\opentelemetry\opentelemetry-sdk-extension-autoconfigure-spi\1.19.0\opentelemetry-sdk-extension-autoconfigure-spi-1.19.0.jar;C:\Users\anoop\.m2\repository\io\opentelemetry\opentelemetry-sdk-extension-autoconfigure\1.19.0-alpha\opentelemetry-sdk-extension-autoconfigure-1.19.0-alpha.jar;C:\Users\anoop\.m2\repository\io\opentelemetry\opentelemetry-exporter-common\1.19.0\opentelemetry-exporter-common-1.19.0.jar;C:\Users\anoop\.m2\repository\io\opentelemetry\opentelemetry-sdk-trace\1.19.0\opentelemetry-sdk-trace-1.19.0.jar;C:\Users\anoop\.m2\repository\io\opentelemetry\opentelemetry-sdk\1.19.0\opentelemetry-sdk-1.19.0.jar;C:\Users\anoop\.m2\repository\io\opentelemetry\opentelemetry-semconv\1.19.0-alpha\opentelemetry-semconv-1.19.0-alpha.jar;C:\Users\anoop\.m2\repository\io\ous\jtoml\2.0.0\jtoml-2.0.0.jar;C:\Users\anoop\.m2\repository\net\bytebuddy\byte-buddy\1.12.18\byte-buddy-1.12.18.jar;C:\Users\anoop\.m2\repository\org\apache\commons\commons-exec\1.3\commons-exec-1.3.jar;C:\Users\anoop\.m2\repository\org\asynchttpclient\async-http-client\2.12.3\async-http-client-2.12.3.jar;C:\Users\anoop\.m2\repository\org\asynchttpclient\async-http-client-netty-utils\2.12.3\async-http-client-netty-utils-2.12.3.jar;C:\Users\anoop\.m2\repository\io\netty\netty-codec-socks\4.1.60.Final\netty-codec-socks-4.1.60.Final.jar;C:\Users\anoop\.m2\repository\io\netty\netty-handler-proxy\4.1.60.Final\netty-handler-proxy-4.1.60.Final.jar;C:\Users\anoop\.m2\repository\io\netty\netty-transport-native-epoll\4.1.60.Final\netty-transport-native-epoll-4.1.60.Final-linux-x86_64.jar;C:\Users\anoop\.m2\repository\io\netty\netty-transport-native-kqueue\4.1.60.Final\netty-transport-native-kqueue-4.1.60.Final-osx-x86_64.jar;C:\Users\anoop\.m2\repository\org\reactivestreams\reactive-streams\1.0.3\reactive-streams-1.0.3.jar;C:\Users\anoop\.m2\repository\com\typesafe\netty\netty-reactive-streams\2.0.4\netty-reactive-streams-2.0.4.jar;C:\Users\anoop\.m2\repository\com\sun\activation\jakarta.activation\1.2.2\jakarta.activation-1.2.2.jar;C:\Users\anoop\.m2\repository\org\seleniumhq\selenium\selenium-manager\4.7.2\selenium-manager-4.7.2.jar;C:\Users\anoop\.m2\repository\org\seleniumhq\selenium\selenium-safari-driver\4.7.2\selenium-safari-driver-4.7.2.jar;C:\Users\anoop\.m2\repository\org\seleniumhq\selenium\selenium-support\4.7.2\selenium-support-4.7.2.jar;C:\Users\anoop\.m2\repository\org\testng\testng\7.7.1\testng-7.7.1.jar;C:\Users\anoop\.m2\repository\org\slf4j\slf4j-api\1.7.36\slf4j-api-1.7.36.jar;C:\Users\anoop\.m2\repository\com\beust\jcommander\1.82\jcommander-1.82.jar;C:\Users\anoop\.m2\repository\org\webjars\jquery\3.6.1\jquery-3.6.1.jar;C:\Users\anoop\.m2\repository\net\masterthought\cucumber-reporting\5.7.4\cucumber-reporting-5.7.4.jar;C:\Users\anoop\.m2\repository\com\fasterxml\jackson\datatype\jackson-datatype-jsr310\2.13.2\jackson-datatype-jsr310-2.13.2.jar;C:\Users\anoop\.m2\repository\org\apache\velocity\velocity-engine-core\2.3\velocity-engine-core-2.3.jar;C:\Users\anoop\.m2\repository\org\apache\commons\commons-collections4\4.4\commons-collections4-4.4.jar;C:\Users\anoop\.m2\repository\joda-time\joda-time\2.10.14\joda-time-2.10.14.jar;C:\Users\anoop\.m2\repository\org\apache\commons\commons-lang3\3.12.0\commons-lang3-3.12.0.jar;C:\Users\anoop\.m2\repository\commons-io\commons-io\2.7\commons-io-2.7.jar;C:\Users\anoop\.m2\repository\org\codehaus\plexus\plexus-utils\3.4.2\plexus-utils-3.4.2.jar;C:\Users\anoop\.m2\repository\org\jsoup\jsoup\1.15.3\jsoup-1.15.3.jar;C:\Users\anoop\.m2\repository\com\google\guava\guava\31.1-jre\guava-31.1-jre.jar;C:\Users\anoop\.m2\repository\com\google\guava\failureaccess\1.0.1\failureaccess-1.0.1.jar;C:\Users\anoop\.m2\repository\com\google\guava\listenablefuture\9999.0-empty-to-avoid-conflict-with-guava\listenablefuture-9999.0-empty-to-avoid-conflict-with-guava.jar;C:\Users\anoop\.m2\repository\com\google\code\findbugs\jsr305\3.0.2\jsr305-3.0.2.jar;C:\Users\anoop\.m2\repository\org\checkerframework\checker-qual\3.12.0\checker-qual-3.12.0.jar;C:\Users\anoop\.m2\repository\com\google\errorprone\error_prone_annotations\2.11.0\error_prone_annotations-2.11.0.jar;C:\Users\anoop\.m2\repository\com\google\j2objc\j2objc-annotations\1.3\j2objc-annotations-1.3.jar;C:\Users\anoop\.m2\repository\com\googlecode\owasp-java-html-sanitizer\owasp-java-html-sanitizer\20211018.2\owasp-java-html-sanitizer-20211018.2.jar;C:\Users\anoop\.m2\repository\commons-configuration\commons-configuration\1.10\commons-configuration-1.10.jar;C:\Users\anoop\.m2\repository\commons-lang\commons-lang\2.6\commons-lang-2.6.jar;C:\Users\anoop\.m2\repository\commons-logging\commons-logging\1.1.1\commons-logging-1.1.1.jar;C:\Users\anoop\.m2\repository\io\github\bonigarcia\webdrivermanager\5.3.1\webdrivermanager-5.3.1.jar;C:\Users\anoop\.m2\repository\com\google\code\gson\gson\2.10\gson-2.10.jar;C:\Users\anoop\.m2\repository\com\github\docker-java\docker-java\3.2.13\docker-java-3.2.13.jar;C:\Users\anoop\.m2\repository\com\github\docker-java\docker-java-core\3.2.13\docker-java-core-3.2.13.jar;C:\Users\anoop\.m2\repository\com\github\docker-java\docker-java-api\3.2.13\docker-java-api-3.2.13.jar;C:\Users\anoop\.m2\repository\org\apache\commons\commons-compress\1.21\commons-compress-1.21.jar;C:\Users\anoop\.m2\repository\org\bouncycastle\bcpkix-jdk15on\1.64\bcpkix-jdk15on-1.64.jar;C:\Users\anoop\.m2\repository\org\bouncycastle\bcprov-jdk15on\1.64\bcprov-jdk15on-1.64.jar;C:\Users\anoop\.m2\repository\org\slf4j\jcl-over-slf4j\1.7.30\jcl-over-slf4j-1.7.30.jar;C:\Users\anoop\.m2\repository\com\github\docker-java\docker-java-transport-httpclient5\3.2.13\docker-java-transport-httpclient5-3.2.13.jar;C:\Users\anoop\.m2\repository\com\github\docker-java\docker-java-transport\3.2.13\docker-java-transport-3.2.13.jar;C:\Users\anoop\.m2\repository\net\java\dev\jna\jna\5.8.0\jna-5.8.0.jar;C:\Users\anoop\.m2\repository\org\brotli\dec\0.1.2\dec-0.1.2.jar;C:\Users\anoop\.m2\repository\org\apache\httpcomponents\client5\httpclient5\5.1.3\httpclient5-5.1.3.jar;C:\Users\anoop\.m2\repository\org\apache\httpcomponents\core5\httpcore5\5.1.3\httpcore5-5.1.3.jar;C:\Users\anoop\.m2\repository\org\apache\httpcomponents\core5\httpcore5-h2\5.1.3\httpcore5-h2-5.1.3.jar;C:\Users\anoop\.m2\repository\commons-codec\commons-codec\1.15\commons-codec-1.15.jar;C:\Users\anoop\.m2\repository\io\rest-assured\rest-assured\5.3.0\rest-assured-5.3.0.jar;C:\Users\anoop\.m2\repository\org\apache\groovy\groovy\4.0.6\groovy-4.0.6.jar;C:\Users\anoop\.m2\repository\org\apache\groovy\groovy-xml\4.0.6\groovy-xml-4.0.6.jar;C:\Users\anoop\.m2\repository\org\apache\httpcomponents\httpclient\4.5.13\httpclient-4.5.13.jar;C:\Users\anoop\.m2\repository\org\apache\httpcomponents\httpcore\4.4.13\httpcore-4.4.13.jar;C:\Users\anoop\.m2\repository\org\apache\httpcomponents\httpmime\4.5.13\httpmime-4.5.13.jar;C:\Users\anoop\.m2\repository\org\hamcrest\hamcrest\2.1\hamcrest-2.1.jar;C:\Users\anoop\.m2\repository\org\ccil\cowan\tagsoup\tagsoup\1.2.1\tagsoup-1.2.1.jar;C:\Users\anoop\.m2\repository\io\rest-assured\json-path\5.3.0\json-path-5.3.0.jar;C:\Users\anoop\.m2\repository\org\apache\groovy\groovy-json\4.0.6\groovy-json-4.0.6.jar;C:\Users\anoop\.m2\repository\io\rest-assured\rest-assured-common\5.3.0\rest-assured-common-5.3.0.jar;C:\Users\anoop\.m2\repository\io\rest-assured\xml-path\5.3.0\xml-path-5.3.0.jar;C:\Users\anoop\.m2\repository\com\fasterxml\jackson\core\jackson-databind\2.14.1\jackson-databind-2.14.1.jar;C:\Users\anoop\.m2\repository\com\fasterxml\jackson\core\jackson-annotations\2.14.1\jackson-annotations-2.14.1.jar;C:\Users\anoop\.m2\repository\com\fasterxml\jackson\core\jackson-core\2.14.1\jackson-core-2.14.1.jar;"/>
    <property name="sun.cpu.endian" value="little"/>
    <property name="user.home" value="C:\Users\anoop"/>
    <property name="user.language" value="en"/>
    <property name="java.specification.vendor" value="Oracle Corporation"/>
    <property name="java.version.date" value="2020-10-20"/>
    <property name="java.home" value="C:\Program Files\Java\jdk-15.0.1"/>
    <property name="file.separator" value="\"/>
    <property name="basedir" value="D:\IdeaProjects\SwaggerPetstore"/>
    <property name="java.vm.compressedOopsMode" value="Zero based"/>
    <property name="line.separator" value="&#10;"/>
    <property name="java.vm.specification.vendor" value="Oracle Corporation"/>
    <property name="java.specification.name" value="Java Platform API Specification"/>
    <property name="surefire.real.class.path" value="C:\Users\anoop\AppData\Local\Temp\surefire11225386542665218956\surefirebooter-20230128100749758_3.jar"/>
    <property name="user.script" value=""/>
    <property name="sun.management.compiler" value="HotSpot 64-Bit Tiered Compilers"/>
    <property name="java.runtime.version" value="15.0.1+9-18"/>
    <property name="user.name" value="anoop"/>
    <property name="path.separator" value=";"/>
    <property name="os.version" value="10.0"/>
    <property name="java.runtime.name" value="Java(TM) SE Runtime Environment"/>
    <property name="file.encoding" value="Cp1252"/>
    <property name="java.vm.name" value="Java HotSpot(TM) 64-Bit Server VM"/>
    <property name="localRepository" value="C:\Users\anoop\.m2\repository"/>
    <property name="java.vendor.url.bug" value="https://bugreport.java.com/bugreport/"/>
    <property name="java.io.tmpdir" value="C:\Users\anoop\AppData\Local\Temp\"/>
    <property name="java.version" value="15.0.1"/>
    <property name="user.dir" value="D:\IdeaProjects\SwaggerPetstore"/>
    <property name="os.arch" value="amd64"/>
    <property name="java.vm.specification.name" value="Java Virtual Machine Specification"/>
    <property name="sun.os.patch.level" value=""/>
    <property name="java.library.path" value="C:\Program Files\Java\jdk-15.0.1\bin;C:\WINDOWS\Sun\Java\bin;C:\WINDOWS\system32;C:\WINDOWS;C:\Python39\Scripts\;C:\Python39\;C:\Program Files (x86)\Common Files\Oracle\Java\javapath;C:\Program Files\Common Files\Oracle\Java\javapath;C:\Windows\system32;C:\Windows;C:\Windows\System32\Wbem;C:\Windows\System32\WindowsPowerShell\v1.0\;C:\Windows\System32\OpenSSH\;C:\Program Files (x86)\NVIDIA Corporation\PhysX\Common;C:\Program Files\NVIDIA Corporation\NVIDIA NvDLISR;C:\Program Files\Java\jdk-15.0.1\bin;C:\WINDOWS\system32;C:\WINDOWS;C:\WINDOWS\System32\Wbem;C:\WINDOWS\System32\WindowsPowerShell\v1.0\;C:\WINDOWS\System32\OpenSSH\;C:\WINDOWS\system32;C:\ProgramData\chocolatey\bin;C:\Program Files\Git\cmd;C:\Program Files\apache-maven-3.8.4\bin;C:\Program Files\Docker\Docker\resources\bin;C:\ProgramData\DockerDesktop\version-bin;C:\Program Files\nodejs\;C:\Users\anoop\AppData\Local\Android\Sdk;C:\Users\anoop\AppData\Local\Android\Sdk\platform-tools;C:\Users\anoop\AppData\Local\Android\Sdk\tools;C:\Users\anoop\AppData\Local\Microsoft\WindowsApps;D:\IntelliJ IDEA Community Edition 2021.3\bin;;C:\Users\anoop\AppData\Roaming\npm;;."/>
    <property name="java.vm.info" value="mixed mode, sharing"/>
    <property name="java.vendor" value="Oracle Corporation"/>
    <property name="java.vm.version" value="15.0.1+9-18"/>
    <property name="sun.io.unicode.encoding" value="UnicodeLittle"/>
    <property name="java.class.version" value="59.0"/>
  </properties>
  <testcase name="runScenario[&quot;Verify user can delete pets by id&quot;, &quot;Test DELETE request to delete pets&quot;](1)" classname="testrunner.TestRunner" time="1.215">
    <system-out><![CDATA[
Scenario: Verify user can delete pets by id                                           &amp#27;[90m# src/test/resources/features/PetsDELETERequests.feature:2&amp#27;[0m
  &amp#27;[32mGiven &amp#27;[0m&amp#27;[32madd pet payload with &amp#27;[0m&amp#27;[32m&amp#27;[1m"Robby"&amp#27;[0m&amp#27;[32m &amp#27;[0m&amp#27;[32m&amp#27;[1m"dinosaur"&amp#27;[0m&amp#27;[32m &amp#27;[0m&amp#27;[32m&amp#27;[1m"tag1"&amp#27;[0m                                &amp#27;[90m# stepdefinitions.PetsPostRequestsAPI.add_pet_payload_with(java.lang.String,java.lang.String,java.lang.String)&amp#27;[0m
Request method:	POST
Request URI:	http://localhost:8090/api/v3/pet
Proxy:			<none>
Request params:	<none>
Query params:	<none>
Form params:	<none>
Path params:	<none>
Headers:		Accept=*/*
				Content-Type=application/json
Cookies:		<none>
Multiparts:		<none>
Body:
{
    "id": 406,
    "category": {
        "id": 0,
        "name": "dinosaur"
    },
    "name": "Robby",
    "photoUrls": [
        "url1"
    ],
    "tags": [
        {
            "id": 0,
            "name": "tag1"
        }
    ],
    "status": "available"
}
  &amp#27;[32mWhen &amp#27;[0m&amp#27;[32muser performs &amp#27;[0m&amp#27;[32m&amp#27;[1m"AddPet"&amp#27;[0m                                                         &amp#27;[90m# stepdefinitions.PetsPostRequestsAPI.user_performs(java.lang.String)&amp#27;[0m
  &amp#27;[32mThen &amp#27;[0m&amp#27;[32muser verify that POST API call is successful and status code &amp#27;[0m&amp#27;[32m&amp#27;[1m200&amp#27;[0m&amp#27;[32m is returned&amp#27;[0m   &amp#27;[90m# stepdefinitions.PetsPostRequestsAPI.user_verify_that_post_api_call_is_successful_and_status_code_is_returned(java.lang.Integer)&amp#27;[0m
Request method:	DELETE
Request URI:	http://localhost:8090/api/v3/pet/406
Proxy:			<none>
Request params:	<none>
Query params:	<none>
Form params:	<none>
Path params:	<none>
Headers:		api_key=123
				Accept=*/*
				Content-Type=application/json
Cookies:		<none>
Multiparts:		<none>
Body:
{
    "id": 406,
    "category": {
        "id": 0,
        "name": "dinosaur"
    },
    "name": "Robby",
    "photoUrls": [
        "url1"
    ],
    "tags": [
        {
            "id": 0,
            "name": "tag1"
        }
    ],
    "status": "available"
}
  &amp#27;[32mWhen &amp#27;[0m&amp#27;[32muser performs &amp#27;[0m&amp#27;[32m&amp#27;[1m"DeletePet"&amp#27;[0m                                                      &amp#27;[90m# stepdefinitions.PetsPostRequestsAPI.user_performs(java.lang.String)&amp#27;[0m
  &amp#27;[32mThen &amp#27;[0m&amp#27;[32muser verify that DELETE API call is successful and status code &amp#27;[0m&amp#27;[32m&amp#27;[1m200&amp#27;[0m&amp#27;[32m is returned&amp#27;[0m &amp#27;[90m# stepdefinitions.PetsPostRequestsAPI.userVerifyThatDELETEAPICallIsSuccessfulAndStatusCodeIsReturned(int)&amp#27;[0m
  &amp#27;[32mAnd &amp#27;[0m&amp#27;[32mmessage &amp#27;[0m&amp#27;[32m&amp#27;[1m"Pet deleted"&amp#27;[0m&amp#27;[32m is returned&amp#27;[0m                                               &amp#27;[90m# stepdefinitions.PetsPostRequestsAPI.messageIsReturned(java.lang.String)&amp#27;[0m
]]></system-out>
    <system-err><![CDATA[SLF4J: Failed to load class "org.slf4j.impl.StaticLoggerBinder".
SLF4J: Defaulting to no-operation (NOP) logger implementation
SLF4J: See http://www.slf4j.org/codes.html#StaticLoggerBinder for further details.
]]></system-err>
  </testcase>
  <testcase name="runScenario[&quot;Verify user can find pets by available status&quot;, &quot;Test GET requests to get pets with different options&quot;](2)" classname="testrunner.TestRunner" time="0.076">
    <system-out><![CDATA[
Scenario: Verify user can find pets by available status                        &amp#27;[90m# src/test/resources/features/PetsGETRequests.feature:2&amp#27;[0m
Request method:	GET
Request URI:	http://localhost:8090/api/v3/pet/findByStatus?status=available
Proxy:			<none>
Request params:	<none>
Query params:	status=available
Form params:	<none>
Path params:	<none>
Headers:		Accept=*/*
				Content-Type=application/json
Cookies:		<none>
Multiparts:		<none>
Body:			<none>
  &amp#27;[32mWhen &amp#27;[0m&amp#27;[32muser performs pets &amp#27;[0m&amp#27;[32m&amp#27;[1m"findByStatus"&amp#27;[0m&amp#27;[32m using &amp#27;[0m&amp#27;[32m&amp#27;[1m"available"&amp#27;[0m&amp#27;[32m parameter&amp#27;[0m           &amp#27;[90m# stepdefinitions.PetsGetRequestsAPI.user_performs_pets_using_request(java.lang.String,java.lang.String)&amp#27;[0m
  &amp#27;[32mThen &amp#27;[0m&amp#27;[32muser verify that API call is successful and status code &amp#27;[0m&amp#27;[32m&amp#27;[1m200&amp#27;[0m&amp#27;[32m is returned&amp#27;[0m &amp#27;[90m# stepdefinitions.PetsGetRequestsAPI.user_verify_that_api_call_is_successful_and_status_code_is_returned(java.lang.Integer)&amp#27;[0m
  &amp#27;[32mAnd &amp#27;[0m&amp#27;[32m&amp#27;[0m&amp#27;[32m&amp#27;[1m"status"&amp#27;[0m&amp#27;[32m in response body is &amp#27;[0m&amp#27;[32m&amp#27;[1m"available"&amp#27;[0m                                 &amp#27;[90m# stepdefinitions.PetsGetRequestsAPI.in_response_body_is(java.lang.String,java.lang.String)&amp#27;[0m
]]></system-out>
  </testcase>
  <testcase name="runScenario[&quot;Verify user can find pets by their tags&quot;, &quot;Test GET requests to get pets with different options&quot;](3)" classname="testrunner.TestRunner" time="0.033">
    <system-out><![CDATA[
Scenario: Verify user can find pets by their tags                              &amp#27;[90m# src/test/resources/features/PetsGETRequests.feature:7&amp#27;[0m
Request method:	GET
Request URI:	http://localhost:8090/api/v3/pet/findByTags?tags=tag1
Proxy:			<none>
Request params:	<none>
Query params:	tags=tag1
Form params:	<none>
Path params:	<none>
Headers:		Accept=*/*
				Content-Type=application/json
Cookies:		<none>
Multiparts:		<none>
Body:			<none>
  &amp#27;[32mWhen &amp#27;[0m&amp#27;[32muser performs pets &amp#27;[0m&amp#27;[32m&amp#27;[1m"findByTags"&amp#27;[0m&amp#27;[32m using &amp#27;[0m&amp#27;[32m&amp#27;[1m"tag1"&amp#27;[0m&amp#27;[32m parameter&amp#27;[0m                  &amp#27;[90m# stepdefinitions.PetsGetRequestsAPI.user_performs_pets_using_request(java.lang.String,java.lang.String)&amp#27;[0m
  &amp#27;[32mThen &amp#27;[0m&amp#27;[32muser verify that API call is successful and status code &amp#27;[0m&amp#27;[32m&amp#27;[1m200&amp#27;[0m&amp#27;[32m is returned&amp#27;[0m &amp#27;[90m# stepdefinitions.PetsGetRequestsAPI.user_verify_that_api_call_is_successful_and_status_code_is_returned(java.lang.Integer)&amp#27;[0m
  &amp#27;[32mAnd &amp#27;[0m&amp#27;[32m&amp#27;[0m&amp#27;[32m&amp#27;[1m"tags"&amp#27;[0m&amp#27;[32m in response body is &amp#27;[0m&amp#27;[32m&amp#27;[1m"tag1"&amp#27;[0m                                        &amp#27;[90m# stepdefinitions.PetsGetRequestsAPI.in_response_body_is(java.lang.String,java.lang.String)&amp#27;[0m
]]></system-out>
  </testcase>
  <testcase name="runScenario[&quot;Verify user can find pets by their id&quot;, &quot;Test GET requests to get pets with different options&quot;](4)" classname="testrunner.TestRunner" time="0.025">
    <system-out><![CDATA[
Scenario: Verify user can find pets by their id                                &amp#27;[90m# src/test/resources/features/PetsGETRequests.feature:12&amp#27;[0m
Request method:	GET
Request URI:	http://localhost:8090/api/v3/pet/1
Proxy:			<none>
Request params:	<none>
Query params:	<none>
Form params:	<none>
Path params:	<none>
Headers:		Accept=*/*
				Content-Type=application/json
Cookies:		<none>
Multiparts:		<none>
Body:			<none>
  &amp#27;[32mWhen &amp#27;[0m&amp#27;[32muser finds pets using &amp#27;[0m&amp#27;[32m&amp#27;[1m"findByID"&amp#27;[0m&amp#27;[32m using &amp#27;[0m&amp#27;[32m&amp#27;[1m"1"&amp#27;[0m&amp#27;[32m parameter&amp#27;[0m                    &amp#27;[90m# stepdefinitions.PetsGetRequestsAPI.user_finds_pets_using_using_parameter(java.lang.String,java.lang.String)&amp#27;[0m
  &amp#27;[32mThen &amp#27;[0m&amp#27;[32muser verify that API call is successful and status code &amp#27;[0m&amp#27;[32m&amp#27;[1m200&amp#27;[0m&amp#27;[32m is returned&amp#27;[0m &amp#27;[90m# stepdefinitions.PetsGetRequestsAPI.user_verify_that_api_call_is_successful_and_status_code_is_returned(java.lang.Integer)&amp#27;[0m
  &amp#27;[32mAnd &amp#27;[0m&amp#27;[32m&amp#27;[0m&amp#27;[32m&amp#27;[1m"id"&amp#27;[0m&amp#27;[32m in response is &amp#27;[0m&amp#27;[32m&amp#27;[1m1&amp#27;[0m                                                    &amp#27;[90m# stepdefinitions.PetsGetRequestsAPI.in_response_is(java.lang.String,int)&amp#27;[0m
]]></system-out>
  </testcase>
  <testcase name="runScenario[&quot;Verify user can add a pet with POST request&quot;, &quot;Test POST requests to add/update pets with different options&quot;](5)" classname="testrunner.TestRunner" time="0.029">
    <system-out><![CDATA[
Scenario Outline: Verify user can add a pet with POST request                       &amp#27;[90m# src/test/resources/features/PetsPOSTRequests.feature:11&amp#27;[0m
  &amp#27;[32mGiven &amp#27;[0m&amp#27;[32madd pet payload with &amp#27;[0m&amp#27;[32m&amp#27;[1m"Boss"&amp#27;[0m&amp#27;[32m &amp#27;[0m&amp#27;[32m&amp#27;[1m"Dogs"&amp#27;[0m&amp#27;[32m &amp#27;[0m&amp#27;[32m&amp#27;[1m"tag1"&amp#27;[0m                                   &amp#27;[90m# stepdefinitions.PetsPostRequestsAPI.add_pet_payload_with(java.lang.String,java.lang.String,java.lang.String)&amp#27;[0m
Request method:	POST
Request URI:	http://localhost:8090/api/v3/pet
Proxy:			<none>
Request params:	<none>
Query params:	<none>
Form params:	<none>
Path params:	<none>
Headers:		Accept=*/*
				Content-Type=application/json
Cookies:		<none>
Multiparts:		<none>
Body:
{
    "id": 559,
    "category": {
        "id": 0,
        "name": "Dogs"
    },
    "name": "Boss",
    "photoUrls": [
        "url1"
    ],
    "tags": [
        {
            "id": 0,
            "name": "tag1"
        }
    ],
    "status": "available"
}
  &amp#27;[32mWhen &amp#27;[0m&amp#27;[32muser performs &amp#27;[0m&amp#27;[32m&amp#27;[1m"AddPet"&amp#27;[0m                                                       &amp#27;[90m# stepdefinitions.PetsPostRequestsAPI.user_performs(java.lang.String)&amp#27;[0m
  &amp#27;[32mThen &amp#27;[0m&amp#27;[32muser verify that POST API call is successful and status code &amp#27;[0m&amp#27;[32m&amp#27;[1m200&amp#27;[0m&amp#27;[32m is returned&amp#27;[0m &amp#27;[90m# stepdefinitions.PetsPostRequestsAPI.user_verify_that_post_api_call_is_successful_and_status_code_is_returned(java.lang.Integer)&amp#27;[0m
  &amp#27;[32mAnd &amp#27;[0m&amp#27;[32mid of the pet is the same as posted id&amp#27;[0m                                        &amp#27;[90m# stepdefinitions.PetsPostRequestsAPI.idOfThePetIsTheSameAsPostedId()&amp#27;[0m
]]></system-out>
  </testcase>
  <testcase name="runScenario[&quot;Verify user can add a pet with POST request&quot;, &quot;Test POST requests to add/update pets with different options&quot;](6)" classname="testrunner.TestRunner" time="0.023">
    <system-out><![CDATA[
Scenario Outline: Verify user can add a pet with POST request                       &amp#27;[90m# src/test/resources/features/PetsPOSTRequests.feature:12&amp#27;[0m
  &amp#27;[32mGiven &amp#27;[0m&amp#27;[32madd pet payload with &amp#27;[0m&amp#27;[32m&amp#27;[1m"Fluffy"&amp#27;[0m&amp#27;[32m &amp#27;[0m&amp#27;[32m&amp#27;[1m"Cats"&amp#27;[0m&amp#27;[32m &amp#27;[0m&amp#27;[32m&amp#27;[1m"tag2"&amp#27;[0m                                 &amp#27;[90m# stepdefinitions.PetsPostRequestsAPI.add_pet_payload_with(java.lang.String,java.lang.String,java.lang.String)&amp#27;[0m
Request method:	POST
Request URI:	http://localhost:8090/api/v3/pet
Proxy:			<none>
Request params:	<none>
Query params:	<none>
Form params:	<none>
Path params:	<none>
Headers:		Accept=*/*
				Content-Type=application/json
Cookies:		<none>
Multiparts:		<none>
Body:
{
    "id": 82,
    "category": {
        "id": 0,
        "name": "Cats"
    },
    "name": "Fluffy",
    "photoUrls": [
        "url1"
    ],
    "tags": [
        {
            "id": 0,
            "name": "tag2"
        }
    ],
    "status": "available"
}
  &amp#27;[32mWhen &amp#27;[0m&amp#27;[32muser performs &amp#27;[0m&amp#27;[32m&amp#27;[1m"AddPet"&amp#27;[0m                                                       &amp#27;[90m# stepdefinitions.PetsPostRequestsAPI.user_performs(java.lang.String)&amp#27;[0m
  &amp#27;[32mThen &amp#27;[0m&amp#27;[32muser verify that POST API call is successful and status code &amp#27;[0m&amp#27;[32m&amp#27;[1m200&amp#27;[0m&amp#27;[32m is returned&amp#27;[0m &amp#27;[90m# stepdefinitions.PetsPostRequestsAPI.user_verify_that_post_api_call_is_successful_and_status_code_is_returned(java.lang.Integer)&amp#27;[0m
  &amp#27;[32mAnd &amp#27;[0m&amp#27;[32mid of the pet is the same as posted id&amp#27;[0m                                        &amp#27;[90m# stepdefinitions.PetsPostRequestsAPI.idOfThePetIsTheSameAsPostedId()&amp#27;[0m
]]></system-out>
  </testcase>
  <testcase name="runScenario[&quot;Verify user can update a pet with PUT request&quot;, &quot;Test POST requests to add/update pets with different options&quot;](7)" classname="testrunner.TestRunner" time="0.072">
    <system-out><![CDATA[
Scenario: Verify user can update a pet with PUT request                             &amp#27;[90m# src/test/resources/features/PetsPOSTRequests.feature:14&amp#27;[0m
  &amp#27;[32mGiven &amp#27;[0m&amp#27;[32madd pet payload with &amp#27;[0m&amp#27;[32m&amp#27;[1m"Rocky"&amp#27;[0m&amp#27;[32m &amp#27;[0m&amp#27;[32m&amp#27;[1m"turtle"&amp#27;[0m&amp#27;[32m &amp#27;[0m&amp#27;[32m&amp#27;[1m"tag5"&amp#27;[0m                                &amp#27;[90m# stepdefinitions.PetsPostRequestsAPI.add_pet_payload_with(java.lang.String,java.lang.String,java.lang.String)&amp#27;[0m
Request method:	POST
Request URI:	http://localhost:8090/api/v3/pet
Proxy:			<none>
Request params:	<none>
Query params:	<none>
Form params:	<none>
Path params:	<none>
Headers:		Accept=*/*
				Content-Type=application/json
Cookies:		<none>
Multiparts:		<none>
Body:
{
    "id": 330,
    "category": {
        "id": 0,
        "name": "turtle"
    },
    "name": "Rocky",
    "photoUrls": [
        "url1"
    ],
    "tags": [
        {
            "id": 0,
            "name": "tag5"
        }
    ],
    "status": "available"
}
  &amp#27;[32mWhen &amp#27;[0m&amp#27;[32muser performs &amp#27;[0m&amp#27;[32m&amp#27;[1m"AddPet"&amp#27;[0m                                                       &amp#27;[90m# stepdefinitions.PetsPostRequestsAPI.user_performs(java.lang.String)&amp#27;[0m
  &amp#27;[32mThen &amp#27;[0m&amp#27;[32muser verify that POST API call is successful and status code &amp#27;[0m&amp#27;[32m&amp#27;[1m200&amp#27;[0m&amp#27;[32m is returned&amp#27;[0m &amp#27;[90m# stepdefinitions.PetsPostRequestsAPI.user_verify_that_post_api_call_is_successful_and_status_code_is_returned(java.lang.Integer)&amp#27;[0m
  &amp#27;[32mAnd &amp#27;[0m&amp#27;[32mid of the pet is the same as posted id&amp#27;[0m                                        &amp#27;[90m# stepdefinitions.PetsPostRequestsAPI.idOfThePetIsTheSameAsPostedId()&amp#27;[0m
Request method:	PUT
Request URI:	http://localhost:8090/api/v3/pet
Proxy:			<none>
Request params:	<none>
Query params:	<none>
Form params:	<none>
Path params:	<none>
Headers:		Accept=*/*
				Content-Type=application/json
Cookies:		<none>
Multiparts:		<none>
Body:
{
    "id": 330,
    "category": {
        "id": 0,
        "name": "turtle"
    },
    "name": "Rocky",
    "photoUrls": [
        "url1"
    ],
    "tags": [
        {
            "id": 0,
            "name": "tag5"
        }
    ],
    "status": "available"
}
  &amp#27;[32mWhen &amp#27;[0m&amp#27;[32muser performs &amp#27;[0m&amp#27;[32m&amp#27;[1m"UpdatePet"&amp#27;[0m                                                    &amp#27;[90m# stepdefinitions.PetsPostRequestsAPI.user_performs(java.lang.String)&amp#27;[0m
Request method:	POST
Request URI:	http://localhost:8090/api/v3/pet
Proxy:			<none>
Request params:	<none>
Query params:	<none>
Form params:	<none>
Path params:	<none>
Headers:		Accept=*/*
				Content-Type=application/json
Cookies:		<none>
Multiparts:		<none>
Body:
{
    "id": 330,
    "category": {
        "id": 0,
        "name": "fish"
    },
    "name": "Johnny",
    "photoUrls": [
        "url1"
    ],
    "tags": [
        {
            "id": 0,
            "name": "tag7"
        }
    ],
    "status": "available"
}
  &amp#27;[32mAnd &amp#27;[0m&amp#27;[32mupdates pet with &amp#27;[0m&amp#27;[32m&amp#27;[1m"Johnny"&amp#27;[0m&amp#27;[32m &amp#27;[0m&amp#27;[32m&amp#27;[1m"fish"&amp#27;[0m&amp#27;[32m &amp#27;[0m&amp#27;[32m&amp#27;[1m"tag7"&amp#27;[0m                                       &amp#27;[90m# stepdefinitions.PetsPostRequestsAPI.updatesPetWith(java.lang.String,java.lang.String,java.lang.String)&amp#27;[0m
  &amp#27;[32mAnd &amp#27;[0m&amp#27;[32mthe following values are updated&amp#27;[0m                                              &amp#27;[90m# stepdefinitions.PetsPostRequestsAPI.the_following_values_are_updated(io.cucumber.datatable.DataTable)&amp#27;[0m
    | name         | Johnny |
    | categoryName | fish   |
    | tag          | tag7   |
]]></system-out>
  </testcase>
  <testcase name="runScenario[&quot;Verify user can update a pet with form data with POST request&quot;, &quot;Test POST requests to add/update pets with different options&quot;](8)" classname="testrunner.TestRunner" time="0.053">
    <system-out><![CDATA[
Scenario: Verify user can update a pet with form data with POST request             &amp#27;[90m# src/test/resources/features/PetsPOSTRequests.feature:27&amp#27;[0m
  &amp#27;[32mGiven &amp#27;[0m&amp#27;[32madd pet payload with &amp#27;[0m&amp#27;[32m&amp#27;[1m"Memus"&amp#27;[0m&amp#27;[32m &amp#27;[0m&amp#27;[32m&amp#27;[1m"possum"&amp#27;[0m&amp#27;[32m &amp#27;[0m&amp#27;[32m&amp#27;[1m"tag9"&amp#27;[0m                                &amp#27;[90m# stepdefinitions.PetsPostRequestsAPI.add_pet_payload_with(java.lang.String,java.lang.String,java.lang.String)&amp#27;[0m
Request method:	POST
Request URI:	http://localhost:8090/api/v3/pet
Proxy:			<none>
Request params:	<none>
Query params:	<none>
Form params:	<none>
Path params:	<none>
Headers:		Accept=*/*
				Content-Type=application/json
Cookies:		<none>
Multiparts:		<none>
Body:
{
    "id": 805,
    "category": {
        "id": 0,
        "name": "possum"
    },
    "name": "Memus",
    "photoUrls": [
        "url1"
    ],
    "tags": [
        {
            "id": 0,
            "name": "tag9"
        }
    ],
    "status": "available"
}
  &amp#27;[32mWhen &amp#27;[0m&amp#27;[32muser performs &amp#27;[0m&amp#27;[32m&amp#27;[1m"AddPet"&amp#27;[0m                                                       &amp#27;[90m# stepdefinitions.PetsPostRequestsAPI.user_performs(java.lang.String)&amp#27;[0m
  &amp#27;[32mThen &amp#27;[0m&amp#27;[32muser verify that POST API call is successful and status code &amp#27;[0m&amp#27;[32m&amp#27;[1m200&amp#27;[0m&amp#27;[32m is returned&amp#27;[0m &amp#27;[90m# stepdefinitions.PetsPostRequestsAPI.user_verify_that_post_api_call_is_successful_and_status_code_is_returned(java.lang.Integer)&amp#27;[0m
Request method:	POST
Request URI:	http://localhost:8090/api/v3/pet
Proxy:			<none>
Request params:	<none>
Query params:	<none>
Form params:	<none>
Path params:	<none>
Headers:		Accept=*/*
				Content-Type=application/json
Cookies:		<none>
Multiparts:		<none>
Body:
{
    "id": 805,
    "category": {
        "id": 0,
        "name": "possum"
    },
    "name": "Memus",
    "photoUrls": [
        "url1"
    ],
    "tags": [
        {
            "id": 0,
            "name": "tag9"
        }
    ],
    "status": "available"
}
  &amp#27;[32mWhen &amp#27;[0m&amp#27;[32muser performs &amp#27;[0m&amp#27;[32m&amp#27;[1m"FormUpdatePet"&amp#27;[0m                                                &amp#27;[90m# stepdefinitions.PetsPostRequestsAPI.user_performs(java.lang.String)&amp#27;[0m
Request method:	POST
Request URI:	http://localhost:8090/api/v3/pet/805?name=Ramu&status=sold
Proxy:			<none>
Request params:	<none>
Query params:	name=Ramu
				status=sold
Form params:	<none>
Path params:	<none>
Headers:		Accept=*/*
				Content-Type=application/json
Cookies:		<none>
Multiparts:		<none>
Body:			<none>
  &amp#27;[32mAnd &amp#27;[0m&amp#27;[32mupdates pet with name &amp#27;[0m&amp#27;[32m&amp#27;[1m"Ramu"&amp#27;[0m&amp#27;[32m and status &amp#27;[0m&amp#27;[32m&amp#27;[1m"sold"&amp#27;[0m                                &amp#27;[90m# stepdefinitions.PetsPostRequestsAPI.updatesPetWithNameAndStatus(java.lang.String,java.lang.String)&amp#27;[0m
]]></system-out>
  </testcase>
  <testcase name="runScenario[&quot;Returns a map of status codes to quantities&quot;, &quot;Returns pet inventories by status&quot;](9)" classname="testrunner.TestRunner" time="0.02">
    <system-out><![CDATA[
Scenario: Returns a map of status codes to quantities                                    &amp#27;[90m# src/test/resources/features/StoreGETInventory.feature:2&amp#27;[0m
Request method:	GET
Request URI:	http://localhost:8090/api/v3/store/inventory
Proxy:			<none>
Request params:	<none>
Query params:	<none>
Form params:	<none>
Path params:	<none>
Headers:		Accept=*/*
				Content-Type=application/json
Cookies:		<none>
Multiparts:		<none>
Body:			<none>
  &amp#27;[32mWhen &amp#27;[0m&amp#27;[32muser submits GET request for inventory status&amp#27;[0m                                     &amp#27;[90m# stepdefinitions.StoreGetRequestsAPI.user_submits_get_request_for_inventory_status()&amp#27;[0m
  &amp#27;[32mThen &amp#27;[0m&amp#27;[32muser verify that store GET API call is successful and status code &amp#27;[0m&amp#27;[32m&amp#27;[1m200&amp#27;[0m&amp#27;[32m is returned&amp#27;[0m &amp#27;[90m# stepdefinitions.StoreGetRequestsAPI.user_verify_that_store_get_api_call_is_successful_and_status_code_is_returned(java.lang.Integer)&amp#27;[0m
  &amp#27;[32mAnd &amp#27;[0m&amp#27;[32mvalues are updated as follows:&amp#27;[0m                                                     &amp#27;[90m# stepdefinitions.StoreGetRequestsAPI.values_are_updated_as_follows(io.cucumber.datatable.DataTable)&amp#27;[0m
    | approved  | 65  |
    | placed    | 100 |
    | delivered | 50  |
]]></system-out>
  </testcase>
  <testcase name="runScenario[&quot;Place a new order in the store&quot;, &quot;Place and order for a pet&quot;](10)" classname="testrunner.TestRunner" time="0.048">
    <system-out><![CDATA[
Scenario: Place a new order in the store             &amp#27;[90m# src/test/resources/features/StorePOSTInventory.feature:2&amp#27;[0m
  &amp#27;[32mGiven &amp#27;[0m&amp#27;[32madd order payload&amp#27;[0m                            &amp#27;[90m# stepdefinitions.StorePostRequestsAPI.add_order_payload()&amp#27;[0m
Request method:	POST
Request URI:	http://localhost:8090/api/v3/store/order
Proxy:			<none>
Request params:	<none>
Query params:	<none>
Form params:	<none>
Path params:	<none>
Headers:		Accept=*/*
				Content-Type=application/json
Cookies:		<none>
Multiparts:		<none>
Body:
{
    "id": 568,
    "petId": 3520,
    "quantity": 1,
    "shipDate": 1674880672599,
    "status": "approved",
    "complete": true
}
  &amp#27;[32mWhen &amp#27;[0m&amp#27;[32muser places an order for a pet&amp#27;[0m                &amp#27;[90m# stepdefinitions.StorePostRequestsAPI.user_places_an_order_for_a_pet()&amp#27;[0m
  &amp#27;[32mThen &amp#27;[0m&amp#27;[32muser verify that status code &amp#27;[0m&amp#27;[32m&amp#27;[1m200&amp#27;[0m&amp#27;[32m is returned&amp#27;[0m  &amp#27;[90m# stepdefinitions.StorePostRequestsAPI.userVerifyThatStatusCodeIsReturned(int)&amp#27;[0m
  &amp#27;[32mAnd &amp#27;[0m&amp#27;[32muser verify that following values are returned&amp#27;[0m &amp#27;[90m# stepdefinitions.StorePostRequestsAPI.user_verify_that_following_values_are_returned(io.cucumber.datatable.DataTable)&amp#27;[0m
    | status   | approved |
    | complete | true     |
]]></system-out>
  </testcase>
</testsuite>