<?xml version="1.0" encoding="UTF-8"?>
<!-- Generated by org.testng.reporters.JUnitReportReporter -->
<testsuite hostname="AVNRED666-PC" failures="0" tests="10" name="testrunner.TestRunner" time="2.528" errors="0" timestamp="2023-01-28T10:05:16 IST" skipped="0">
  <testcase classname="testrunner.TestRunner" name="runScenario" time="0.078"/>
  <system-out/>
  <testcase classname="testrunner.TestRunner" name="runScenario" time="0.031"/>
  <system-out/>
  <testcase classname="testrunner.TestRunner" name="runScenario" time="0.031"/>
  <system-out/>
  <testcase classname="testrunner.TestRunner" name="runScenario" time="0.019"/>
  <system-out/>
  <testcase classname="testrunner.TestRunner" name="runScenario" time="0.016"/>
  <system-out/>
  <testcase classname="testrunner.TestRunner" name="runScenario" time="0.023"/>
  <system-out/>
  <testcase classname="testrunner.TestRunner" name="runScenario" time="0.072"/>
  <system-out/>
  <testcase classname="testrunner.TestRunner" name="runScenario" time="2.183"/>
  <system-out/>
  <testcase classname="testrunner.TestRunner" name="runScenario" time="0.021"/>
  <system-out/>
  <testcase classname="testrunner.TestRunner" name="runScenario" time="0.054"/>
  <system-out/>
</testsuite> <!-- testrunner.TestRunner -->
