<?xml version="1.0" encoding="UTF-8"?>
<!-- Generated by org.testng.reporters.JUnitReportReporter -->
<testsuite hostname="AVNRED666-PC" failures="0" tests="10" name="testrunner.TestRunner" time="1.593" errors="0" timestamp="2023-01-28T10:07:52 IST" skipped="0">
  <testcase classname="testrunner.TestRunner" name="runScenario" time="0.025"/>
  <system-out/>
  <testcase classname="testrunner.TestRunner" name="runScenario" time="0.050"/>
  <system-out/>
  <testcase classname="testrunner.TestRunner" name="runScenario" time="0.077"/>
  <system-out/>
  <testcase classname="testrunner.TestRunner" name="runScenario" time="0.022"/>
  <system-out/>
  <testcase classname="testrunner.TestRunner" name="runScenario" time="0.020"/>
  <system-out/>
  <testcase classname="testrunner.TestRunner" name="runScenario" time="0.031"/>
  <system-out/>
  <testcase classname="testrunner.TestRunner" name="runScenario" time="1.214"/>
  <system-out/>
  <testcase classname="testrunner.TestRunner" name="runScenario" time="0.053"/>
  <system-out/>
  <testcase classname="testrunner.TestRunner" name="runScenario" time="0.070"/>
  <system-out/>
  <testcase classname="testrunner.TestRunner" name="runScenario" time="0.031"/>
  <system-out/>
</testsuite> <!-- testrunner.TestRunner -->
